[
  {
    "level": "INFO",
    "message": "android.ndkVersion from module build.gradle is [19.2.5345600]"
  },
  {
    "level": "INFO",
    "message": "android.ndkPath from module build.gradle is not set"
  },
  {
    "level": "INFO",
    "message": "ndk.dir in local.properties is C:\\Users\\media\\AppData\\Local\\Android\\Sdk\\ndk\\19.2.5345600"
  },
  {
    "level": "INFO",
    "message": "Not considering ANDROID_NDK_HOME because support was removed after deprecation period."
  },
  {
    "level": "INFO",
    "message": "sdkFolder is C:\\Users\\PC\\AppData\\Local\\Android\\Sdk"
  },
  {
    "level": "INFO",
    "message": "Folder C:\\Users\\media\\AppData\\Local\\Android\\Sdk\\ndk\\19.2.5345600 does not exist. Ignoring."
  },
  {
    "level": "ERROR",
    "message": "Location specified by ndk.dir (C:\\Users\\media\\AppData\\Local\\Android\\Sdk\\ndk\\19.2.5345600) did not contain a valid NDK and couldn\u0027t be used"
  }
]